Jun 03 2011, 12:11AM> kingwilly [CreateGallery] "user": 
Nov 16 2014, 02:43PM> test [CreateGallery] "A": 
Nov 16 2014, 02:43PM> test [CreateGallery] "B": 
Nov 16 2014, 02:43PM> test [CreateGallery] "C": 
Nov 16 2014, 02:43PM> test [CreateGallery] "D": 
Nov 16 2014, 02:43PM> test [CreateGallery] "E": 
Nov 16 2014, 02:50PM> test [DirectUpload] "A/Chrysanthemum.jpg": 
Nov 16 2014, 02:50PM> test [DirectUpload] "A/Desert.jpg": 
Nov 16 2014, 03:15PM> test [ChangeDescription] "A/Desert.jpg": test дасд
Nov 16 2014, 03:17PM> test [DirectUpload] "Penguins.jpg": 
Nov 16 2014, 03:25PM> bobby [DirectUpload] "E/Lighthouse.jpg": 
Nov 16 2014, 04:18PM> bobby [ClearMetaData] "A": Comments, Ratings, Arcade High Scores, Descriptions, View Hits, Email Hits
Nov 16 2014, 04:18PM> bobby [ClearMetaData] "B": Comments, Ratings, Arcade High Scores, Descriptions, View Hits, Email Hits
Nov 16 2014, 04:18PM> bobby [ClearMetaData] "C": Comments, Ratings, Arcade High Scores, Descriptions, View Hits, Email Hits
Nov 16 2014, 04:18PM> bobby [ClearMetaData] "D": Comments, Ratings, Arcade High Scores, Descriptions, View Hits, Email Hits
Nov 16 2014, 04:18PM> bobby [ClearMetaData] "E": Comments, Ratings, Arcade High Scores, Descriptions, View Hits, Email Hits
Nov 16 2014, 04:19PM> bobby [DeleteGallery] "A": 
Nov 16 2014, 04:19PM> bobby [DeleteGallery] "B": 
Nov 16 2014, 04:19PM> bobby [DeleteGallery] "C": 
Nov 16 2014, 04:19PM> bobby [DeleteGallery] "D": 
Nov 16 2014, 04:19PM> bobby [DeleteGallery] "E": 
Nov 16 2014, 04:19PM> bobby [DeleteFile] "Penguins.jpg": 
Nov 16 2014, 04:19PM> bobby [DirectUpload] "Desert.jpg": 
Nov 16 2014, 05:42PM> bobby [CreateGallery] "test": 
Nov 16 2014, 05:42PM> bobby [DirectUpload] "test/Chrysanthemum.jpg": 
Nov 16 2014, 06:13PM> bobby [SetThumbnail] "test": From source file "test/Chrysanthemum.jpg"
Nov 16 2014, 07:30PM> bobby [DirectUpload] "test/UT_2004_-_ONS08.mp3": 
Nov 16 2014, 08:06PM> bobby [DeleteGallery] "test": 
Nov 16 2014, 08:22PM> bobby [DirectUpload] "Preggo_Latina_teen_-_xHamster_com.flv": 
Nov 16 2014, 08:35PM> bobby [CreateGallery] "user": 
Nov 16 2014, 08:36PM> bobby [CreateGallery] "user/bobby": 
Nov 16 2014, 08:40PM> bobby [DirectUpload] "user/bobby/3416785.flv": 
Nov 16 2014, 08:57PM> test [MoveObject] "Root": Потребителски галерии
