03_03_2011_25_04.JPG > START
03_03_2011_25_04.JPG 1> Image is NOT a default image.
04_11_2010_08_04.JPG > START
04_11_2010_08_04.JPG 1> Image is NOT a default image.
05_05_2011_34_04.JPG > START
05_05_2011_34_04.JPG 1> Image is NOT a default image.
02_12_2010_12_04.JPG > START
02_12_2010_12_04.JPG 1> Image is NOT a default image.
06_01_2011_17_04.JPG > START
06_01_2011_17_04.JPG 1> Image is NOT a default image.
03_02_2011_21_04.JPG > START
03_02_2011_21_04.JPG 1> Image is NOT a default image.
07_04_2011_30_04.JPG > START
07_04_2011_30_04.JPG 1> Image is NOT a default image.
09_12_2010_13_04.JPG > START
09_12_2010_13_04.JPG 1> Image is NOT a default image.
11_11_2010_09_04.JPG > START
10_02_2011_22_04.JPG > START
11_11_2010_09_04.JPG 1> Image is NOT a default image.
10_02_2011_22_04.JPG 1> Image is NOT a default image.
10_03_2011_26_04.JPG > START
10_03_2011_26_04.JPG 1> Image is NOT a default image.
12_05_2011_35_04.JPG > START
12_05_2011_35_04.JPG 1> Image is NOT a default image.
13_01_2011_18_04.JPG > START
13_01_2011_18_04.JPG 1> Image is NOT a default image.
14_04_2011_31_04.JPG > START
14_04_2011_31_04.JPG 1> Image is NOT a default image.
14_10_2010_05_04.JPG > START
14_10_2010_05_04.JPG 1> Image is NOT a default image.
17_02_2011_23_04.JPG > START
16_12_2010_14_04.JPG > START
17_03_2011_27_04.JPG > START
17_02_2011_23_04.JPG 1> Image is NOT a default image.
16_12_2010_14_04.JPG 1> Image is NOT a default image.
17_03_2011_27_04.JPG 1> Image is NOT a default image.
17_05_2011_36_04.JPG > START
17_05_2011_36_04.JPG 1> Image is NOT a default image.
18_11_2010_10_04.JPG > START
18_11_2010_10_04.JPG 1> Image is NOT a default image.
IMG_1913.jpg > START
IMG_1913.jpg 1> Image is NOT a default image.
IMG_1915.jpg > START
IMG_1915.jpg 1> Image is NOT a default image.
IMG_1918.jpg > START
IMG_1918.jpg 1> Image is NOT a default image.
IMG_1917.jpg > START
IMG_1917.jpg 1> Image is NOT a default image.
IMG_1914.jpg > START
IMG_1914.jpg 1> Image is NOT a default image.
IMG_1916.jpg > START
IMG_1916.jpg 1> Image is NOT a default image.
IMG_1919.jpg > START
IMG_1919.jpg 1> Image is NOT a default image.
IMG_1920.jpg > START
IMG_1922.jpg > START
IMG_1921.jpg > START
IMG_1920.jpg 1> Image is NOT a default image.
IMG_1922.jpg 1> Image is NOT a default image.
IMG_1921.jpg 1> Image is NOT a default image.
IMG_1923.jpg > START
IMG_1923.jpg 1> Image is NOT a default image.
IMG_1924.jpg > START
IMG_1924.jpg 1> Image is NOT a default image.
IMG_1925.jpg > START
IMG_1925.jpg 1> Image is NOT a default image.
IMG_1926.jpg > START
IMG_1926.jpg 1> Image is NOT a default image.
normal_tumblr_n0pw7n2WxS1sm5ozzo5_1280.jpg > START
normal_tumblr_n0pw7n2WxS1sm5ozzo5_1280.jpg 1> Image is NOT a default image.
normal_tumblr_n0pw7n2WxS1sm5ozzo5_1280.jpg > START
normal_tumblr_n0pw7n2WxS1sm5ozzo5_1280.jpg 1> Image thumb already exists (D:/xampp/htdocs/e-Trucks/plugins/autogallery/Gallery/user/test/th_normal_tumblr_n0pw7n2WxS1sm5ozzo5_1280.jpg).
